[debug] [2025-09-21T06:24:50.346Z] ----------------------------------------------------------------------
[debug] [2025-09-21T06:24:50.351Z] Command:       /nix/store/ws50yvm6vzlzf7jzz6n7xh4szddrack1-nodejs-20.19.1/bin/node /nix/store/wma3rvxxva78rqvnpja82nx5b3mclpxg-firebase-tools-14.15.2/lib/node_modules/firebase-tools/lib/bin/firebase.js init
[debug] [2025-09-21T06:24:50.352Z] CLI Version:   14.15.2
[debug] [2025-09-21T06:24:50.352Z] Platform:      linux
[debug] [2025-09-21T06:24:50.352Z] Node Version:  v20.19.1
[debug] [2025-09-21T06:24:50.353Z] Time:          Sun Sep 21 2025 06:24:50 GMT+0000 (Coordinated Universal Time)
[debug] [2025-09-21T06:24:50.353Z] ----------------------------------------------------------------------
[debug] 
[debug] [2025-09-21T06:24:50.355Z] >>> [apiv2][query] GET https://firebase-public.firebaseio.com/cli.json [none]
[debug] [2025-09-21T06:24:50.400Z] No OAuth tokens found
[debug] [2025-09-21T06:24:50.402Z] No OAuth tokens found
[error] Failed to fetch Firebase Project from current Studio Workspace: Unable to refresh auth: not yet authenticated.
[debug] [2025-09-21T06:24:50.408Z] > command requires scopes: ["email","openid","https://www.googleapis.com/auth/cloudplatformprojects.readonly","https://www.googleapis.com/auth/firebase","https://www.googleapis.com/auth/cloud-platform","https://www.googleapis.com/auth/userinfo.email"]
[debug] [2025-09-21T06:24:50.459Z] <<< [apiv2][status] GET https://firebase-public.firebaseio.com/cli.json 200
[debug] [2025-09-21T06:24:50.460Z] <<< [apiv2][body] GET https://firebase-public.firebaseio.com/cli.json {"cloudBuildErrorAfter":1594252800000,"cloudBuildWarnAfter":1590019200000,"defaultNode10After":1594252800000,"minVersion":"3.0.5","node8DeploysDisabledAfter":1613390400000,"node8RuntimeDisabledAfter":1615809600000,"node8WarnAfter":1600128000000}
[debug] [2025-09-21T06:25:29.482Z] Running auto auth
[info] 
     ######## #### ########  ######## ########     ###     ######  ########
     ##        ##  ##     ## ##       ##     ##  ##   ##  ##       ##
     ######    ##  ########  ######   ########  #########  ######  ######
     ##        ##  ##    ##  ##       ##     ## ##     ##       ## ##
     ##       #### ##     ## ######## ########  ##     ##  ######  ########

You're about to initialize a Firebase project in this directory:

  /home/user/joachimasocialapp

[debug] [2025-09-21T06:25:44.515Z] ExitPromptError: User force closed the prompt with 0 null
    at /nix/store/wma3rvxxva78rqvnpja82nx5b3mclpxg-firebase-tools-14.15.2/lib/node_modules/firebase-tools/node_modules/@inquirer/core/dist/commonjs/lib/create-prompt.js:95:20
    at Emitter.emit (/nix/store/wma3rvxxva78rqvnpja82nx5b3mclpxg-firebase-tools-14.15.2/lib/node_modules/firebase-tools/node_modules/@inquirer/core/node_modules/signal-exit/dist/cjs/index.js:71:19)
    at #processEmit (/nix/store/wma3rvxxva78rqvnpja82nx5b3mclpxg-firebase-tools-14.15.2/lib/node_modules/firebase-tools/node_modules/@inquirer/core/node_modules/signal-exit/dist/cjs/index.js:240:27)
    at #process.emit (/nix/store/wma3rvxxva78rqvnpja82nx5b3mclpxg-firebase-tools-14.15.2/lib/node_modules/firebase-tools/node_modules/@inquirer/core/node_modules/signal-exit/dist/cjs/index.js:191:37)
    at process.topLevelDomainCallback (node:domain:161:15)
    at process.callbackTrampoline (node:internal/async_hooks:128:24)
